<?xml version="1.0" encoding="UTF-8"?>
<testng-results skipped="0" failed="0" total="2" passed="2">
  <reporter-output>
  </reporter-output>
  <suite name="Default suite" duration-ms="416882" started-at="2015-05-22T14:02:50Z" finished-at="2015-05-22T14:09:47Z">
    <groups>
    </groups>
    <test name="Default test" duration-ms="416882" started-at="2015-05-22T14:02:50Z" finished-at="2015-05-22T14:09:47Z">
      <class name="com.example.tests.AddNewContact">
        <test-method status="PASS" signature="setUp()[pri:0, instance:com.example.tests.AddNewContact@290dbf45]" name="setUp" is-config="true" duration-ms="6648" started-at="2015-05-22T17:02:50Z" finished-at="2015-05-22T17:02:57Z">
          <reporter-output>
          </reporter-output>
        </test-method> <!-- setUp -->
        <test-method status="PASS" signature="testEmptysContactCreations()[pri:0, instance:com.example.tests.AddNewContact@290dbf45]" name="testEmptysContactCreations" duration-ms="5961" started-at="2015-05-22T17:02:57Z" finished-at="2015-05-22T17:03:03Z">
          <reporter-output>
          </reporter-output>
        </test-method> <!-- testEmptysContactCreations -->
        <test-method status="PASS" signature="testsNonEmptyContactCreations()[pri:0, instance:com.example.tests.AddNewContact@290dbf45]" name="testsNonEmptyContactCreations" duration-ms="403977" started-at="2015-05-22T17:03:03Z" finished-at="2015-05-22T17:09:47Z">
          <reporter-output>
          </reporter-output>
        </test-method> <!-- testsNonEmptyContactCreations -->
        <test-method status="PASS" signature="tearDown()[pri:0, instance:com.example.tests.AddNewContact@290dbf45]" name="tearDown" is-config="true" duration-ms="281" started-at="2015-05-22T17:09:47Z" finished-at="2015-05-22T17:09:47Z">
          <reporter-output>
          </reporter-output>
        </test-method> <!-- tearDown -->
      </class> <!-- com.example.tests.AddNewContact -->
    </test> <!-- Default test -->
  </suite> <!-- Default suite -->
</testng-results>
