<?xml version="1.0" encoding="UTF-8"?>
<testng-results skipped="0" failed="0" total="2" passed="2">
  <reporter-output>
  </reporter-output>
  <suite name="Default suite" duration-ms="23850" started-at="2015-05-22T06:37:54Z" finished-at="2015-05-22T06:38:18Z">
    <groups>
    </groups>
    <test name="Default test" duration-ms="23850" started-at="2015-05-22T06:37:54Z" finished-at="2015-05-22T06:38:18Z">
      <class name="com.example.tests.AddNewContact">
        <test-method status="PASS" signature="setUp()[pri:0, instance:com.example.tests.AddNewContact@2d6d8735]" name="setUp" is-config="true" duration-ms="9418" started-at="2015-05-22T09:37:54Z" finished-at="2015-05-22T09:38:04Z">
          <reporter-output>
          </reporter-output>
        </test-method> <!-- setUp -->
        <test-method status="PASS" signature="testEmptyContactCreations()[pri:0, instance:com.example.tests.AddNewContact@2d6d8735]" name="testEmptyContactCreations" duration-ms="6767" started-at="2015-05-22T09:38:04Z" finished-at="2015-05-22T09:38:10Z">
          <reporter-output>
          </reporter-output>
        </test-method> <!-- testEmptyContactCreations -->
        <test-method status="PASS" signature="testsNonEmptyContactCreations()[pri:0, instance:com.example.tests.AddNewContact@2d6d8735]" name="testsNonEmptyContactCreations" duration-ms="7261" started-at="2015-05-22T09:38:10Z" finished-at="2015-05-22T09:38:18Z">
          <reporter-output>
          </reporter-output>
        </test-method> <!-- testsNonEmptyContactCreations -->
        <test-method status="PASS" signature="tearDown()[pri:0, instance:com.example.tests.AddNewContact@2d6d8735]" name="tearDown" is-config="true" duration-ms="370" started-at="2015-05-22T09:38:18Z" finished-at="2015-05-22T09:38:18Z">
          <reporter-output>
          </reporter-output>
        </test-method> <!-- tearDown -->
      </class> <!-- com.example.tests.AddNewContact -->
    </test> <!-- Default test -->
  </suite> <!-- Default suite -->
</testng-results>
